#
# There is insufficient memory for the Java Runtime Environment to continue.
# Native memory allocation (malloc) failed to allocate 32744 bytes for ChunkPool::allocate
# Possible reasons:
#   The system is out of physical RAM or swap space
#   In 32 bit mode, the process size limit was hit
# Possible solutions:
#   Reduce memory load on the system
#   Increase physical memory or swap space
#   Check if swap backing store is full
#   Use 64 bit Java on a 64 bit OS
#   Decrease Java heap size (-Xmx/-Xms)
#   Decrease number of Java threads
#   Decrease Java thread stack sizes (-Xss)
#   Set larger code cache with -XX:ReservedCodeCacheSize=
# This output file may be truncated or incomplete.
#
#  Out of Memory Error (allocation.cpp:273), pid=10340, tid=0x0000000000001fe8
#
# JRE version: OpenJDK Runtime Environment (8.0_112-b06) (build 1.8.0_112-release-b06)
# Java VM: OpenJDK 64-Bit Server VM (25.112-b06 mixed mode windows-amd64 compressed oops)
# Failed to write core dump. Minidumps are not enabled by default on client versions of Windows
#

---------------  T H R E A D  ---------------

Current thread (0x000000001694d000):  JavaThread "C2 CompilerThread1" daemon [_thread_in_native, id=8168, stack(0x0000000017460000,0x0000000017560000)]

Stack: [0x0000000017460000,0x0000000017560000]
[error occurred during error reporting (printing stack bounds), id 0xc0000005]

Native frames: (J=compiled Java code, j=interpreted, Vv=VM code, C=native code)


Current CompileTask:
C2:   2219  643       4       java.util.HashMap::getNode (148 bytes)


---------------  P R O C E S S  ---------------

Java Threads: ( => current thread )
  0x0000000016c2f000 JavaThread "pool-2-thread-4" [_thread_blocked, id=9728, stack(0x0000000017d60000,0x0000000017e60000)]
  0x0000000016b03000 JavaThread "pool-2-thread-3" [_thread_in_vm, id=10400, stack(0x0000000017c60000,0x0000000017d60000)]
  0x0000000016afa800 JavaThread "pool-3-thread-1" [_thread_blocked, id=8988, stack(0x0000000017a60000,0x0000000017b60000)]
  0x0000000016afe800 JavaThread "pool-2-thread-1" [_thread_blocked, id=8900, stack(0x0000000017960000,0x0000000017a60000)]
  0x00000000169df800 JavaThread "Service Thread" daemon [_thread_blocked, id=8272, stack(0x0000000017760000,0x0000000017860000)]
  0x00000000169b7800 JavaThread "C1 CompilerThread3" daemon [_thread_in_native, id=4100, stack(0x0000000017660000,0x0000000017760000)]
  0x00000000169a7800 JavaThread "C2 CompilerThread2" daemon [_thread_in_native, id=10024, stack(0x0000000017560000,0x0000000017660000)]
=>0x000000001694d000 JavaThread "C2 CompilerThread1" daemon [_thread_in_native, id=8168, stack(0x0000000017460000,0x0000000017560000)]
  0x0000000016953000 JavaThread "C2 CompilerThread0" daemon [_thread_blocked, id=5860, stack(0x0000000017360000,0x0000000017460000)]
  0x0000000016952000 JavaThread "Attach Listener" daemon [_thread_blocked, id=9092, stack(0x0000000017260000,0x0000000017360000)]
  0x000000001694e800 JavaThread "Signal Dispatcher" daemon [_thread_blocked, id=10416, stack(0x0000000017160000,0x0000000017260000)]
  0x0000000001f2e000 JavaThread "Finalizer" daemon [_thread_blocked, id=10032, stack(0x0000000016d20000,0x0000000016e20000)]
  0x0000000001f24000 JavaThread "Reference Handler" daemon [_thread_blocked, id=9748, stack(0x0000000016820000,0x0000000016920000)]
  0x0000000001dfd800 JavaThread "main" [_thread_blocked, id=9180, stack(0x0000000001c80000,0x0000000001d80000)]

Other Threads:
  0x0000000014a45800 VMThread [stack: 0x0000000016720000,0x0000000016820000] [id=8856]
  0x00000000169e0000 WatcherThread [stack: 0x0000000017860000,0x0000000017960000] [id=11204]

VM state:not at safepoint (normal execution)

VM Mutex/Monitor currently owned by a thread:  ([mutex/lock_event])
[0x0000000001e311d0] MethodData_lock - owner thread: 0x0000000016b03000

Heap:
 PSYoungGen      total 38400K, used 12654K [0x00000000eab00000, 0x00000000ed580000, 0x0000000100000000)
  eden space 33280K, 38% used [0x00000000eab00000,0x00000000eb75ba60,0x00000000ecb80000)
  from space 5120K, 0% used [0x00000000ed080000,0x00000000ed080000,0x00000000ed580000)
  to   space 5120K, 0% used [0x00000000ecb80000,0x00000000ecb80000,0x00000000ed080000)
 ParOldGen       total 87552K, used 0K [0x00000000c0000000, 0x00000000c5580000, 0x00000000eab00000)
  object space 87552K, 0% used [0x00000000c0000000,0x00000000c0000000,0x00000000c5580000)
 Metaspace       used 5289K, capacity 6480K, committed 6784K, reserved 1056768K
  class space    used 541K, capacity 584K, committed 640K, reserved 1048576K

Card table byte_map: [0x00000000112f0000,0x0000000011500000] byte_map_base: 0x0000000010cf0000

Marking Bits: (ParMarkBitMap*) 0x000000006d0f18f0
 Begin Bits: [0x0000000011e60000, 0x0000000012e60000)
 End Bits:   [0x0000000012e60000, 0x0000000013e60000)

Polling page: 0x0000000000520000

CodeCache: size=245760Kb used=2567Kb max_used=2579Kb free=243192Kb
 bounds [0x0000000001f30000, 0x00000000021c0000, 0x0000000010f30000]
 total_blobs=894 nmethods=635 adapters=173
 compilation: enabled

Compilation events (10 events):
Event: 2.181 Thread 0x000000001694d000 nmethod 637 0x00000000021aea10 code [0x00000000021aeb40, 0x00000000021aecb8]
Event: 2.182 Thread 0x000000001694d000  643       4       java.util.HashMap::getNode (148 bytes)
Event: 2.190 Thread 0x0000000016953000 nmethod 634 0x00000000021b37d0 code [0x00000000021b3960, 0x00000000021b41f8]
Event: 2.191 Thread 0x0000000016953000  647       4       java.util.ArrayList::isEmpty (13 bytes)
Event: 2.191 Thread 0x0000000016953000 nmethod 647 0x00000000021b35d0 code [0x00000000021b3700, 0x00000000021b3778]
Event: 2.191 Thread 0x0000000016953000  648       4       java.util.ArrayList::iterator (10 bytes)
Event: 2.193 Thread 0x0000000016953000 nmethod 648 0x00000000021a95d0 code [0x00000000021a9720, 0x00000000021a9828]
Event: 2.193 Thread 0x0000000016953000  649       4       com.android.dx.rop.code.BasicBlockList::get (9 bytes)
Event: 2.195 Thread 0x0000000016953000 nmethod 649 0x00000000021b51d0 code [0x00000000021b5320, 0x00000000021b53f8]
Event: 2.198 Thread 0x0000000016953000  652       4       com.android.dx.rop.code.RegisterSpec::hashCodeOf (30 bytes)

GC Heap History (0 events):
No events

Deoptimization events (1 events):
Event: 2.025 Thread 0x0000000016afe800 Uncommon trap: reason=unstable_if action=reinterpret pc=0x0000000002126ea0 method=java.util.HashMap.getNode(ILjava/lang/Object;)Ljava/util/HashMap$Node; @ 129

Internal exceptions (2 events):
Event: 0.148 Thread 0x0000000001dfd800 Exception <a 'java/lang/NoSuchMethodError': Method sun.misc.Unsafe.defineClass(Ljava/lang/String;[BII)Ljava/lang/Class; name or signature does not match> (0x00000000eab07c78) thrown at [C:\src\android\AOSP-openjdk\external\jetbrains\jdk\hotspot\src\share\v$„ªîAóÂ?
Event: 0.148 Thread 0x0000000001dfd800 Exception <a 'java/lang/NoSuchMethodError': Method sun.misc.Unsafe.prefetchRead(Ljava/lang/Object;J)V name or signature does not match> (0x00000000eab07f60) thrown at [C:\src\android\AOSP-openjdk\external\jetbrains\jdk\hotspot\src\share\vm\prims\jni.cpp, l

Events (10 events):
Event: 1.985 loading class com/android/dx/dex/file/MethodIdItem done
Event: 2.003 loading class com/android/dx/ssa/back/FirstFitLocalCombiningAllocator$Multiset
Event: 2.003 loading class com/android/dx/ssa/back/FirstFitLocalCombiningAllocator$Multiset done
Event: 2.018 loading class com/android/dx/cf/code/SwitchList
Event: 2.018 loading class com/android/dx/cf/code/SwitchList done
Event: 2.025 Thread 0x0000000016afe800 Uncommon trap: trap_request=0xffffff65 fr.pc=0x0000000002126ea0
Event: 2.025 Thread 0x0000000016afe800 DEOPT PACKING pc=0x0000000002126ea0 sp=0x0000000017a5dfe0
Event: 2.025 Thread 0x0000000016afe800 DEOPT UNPACKING pc=0x0000000001f7556a sp=0x0000000017a5df58 mode 2
Event: 2.034 loading class java/util/DualPivotQuicksort
Event: 2.034 loading class java/util/DualPivotQuicksort done


Dynamic libraries:
0x00007ff637410000 - 0x00007ff637441000 	C:\Program Files\Android\Android Studio\jre\bin\java.exe
0x00007ffd23020000 - 0x00007ffd231cc000 	C:\Windows\SYSTEM32\ntdll.dll
0x00007ffd209f0000 - 0x00007ffd20b2e000 	C:\Windows\system32\KERNEL32.DLL
0x00007ffd20580000 - 0x00007ffd20695000 	C:\Windows\system32\KERNELBASE.dll
0x00007ffd1ed10000 - 0x00007ffd1ed9e000 	C:\Windows\system32\apphelp.dll
0x00007ffd22e10000 - 0x00007ffd22eba000 	C:\Windows\system32\ADVAPI32.dll
0x00007ffd21430000 - 0x00007ffd215a7000 	C:\Windows\system32\USER32.dll
0x00007ffd1de50000 - 0x00007ffd1e0cb000 	C:\Windows\WinSxS\amd64_microsoft.windows.common-controls_6595b64144ccf1df_6.0.9600.17415_none_6240486fecbd8abb\COMCTL32.dll
0x00007ffd20b30000 - 0x00007ffd20bda000 	C:\Windows\system32\msvcrt.dll
0x00007ffd22c90000 - 0x00007ffd22ce9000 	C:\Windows\SYSTEM32\sechost.dll
0x00007ffd22b40000 - 0x00007ffd22c81000 	C:\Windows\system32\RPCRT4.dll
0x00007ffd20c50000 - 0x00007ffd20da1000 	C:\Windows\system32\GDI32.dll
0x00007ffd22cf0000 - 0x00007ffd22d26000 	C:\Windows\system32\IMM32.DLL
0x00007ffd22ec0000 - 0x00007ffd23013000 	C:\Windows\system32\MSCTF.dll
0x000000006c7a0000 - 0x000000006c872000 	C:\Program Files\Android\Android Studio\jre\jre\bin\msvcr100.dll
0x000000006c930000 - 0x000000006d16c000 	C:\Program Files\Android\Android Studio\jre\jre\bin\server\jvm.dll
0x00007ffd1b330000 - 0x00007ffd1b339000 	C:\Windows\SYSTEM32\WSOCK32.dll
0x00007ffd1ae90000 - 0x00007ffd1aeb2000 	C:\Windows\SYSTEM32\WINMM.dll
0x00007ffd15a30000 - 0x00007ffd15a3a000 	C:\Windows\SYSTEM32\VERSION.dll
0x00007ffd213a0000 - 0x00007ffd213a7000 	C:\Windows\system32\PSAPI.DLL
0x00007ffd21340000 - 0x00007ffd2139a000 	C:\Windows\system32\WS2_32.dll
0x00007ffd1add0000 - 0x00007ffd1adfa000 	C:\Windows\SYSTEM32\WINMMBASE.dll
0x00007ffd20f30000 - 0x00007ffd20f39000 	C:\Windows\system32\NSI.dll
0x00007ffd20420000 - 0x00007ffd2046f000 	C:\Windows\SYSTEM32\cfgmgr32.dll
0x00007ffd1ef90000 - 0x00007ffd1efb8000 	C:\Windows\SYSTEM32\DEVOBJ.dll
0x00007ffd173e0000 - 0x00007ffd173ef000 	C:\Program Files\Android\Android Studio\jre\jre\bin\verify.dll
0x00007ffd15d40000 - 0x00007ffd15d69000 	C:\Program Files\Android\Android Studio\jre\jre\bin\java.dll
0x00007ffd15d20000 - 0x00007ffd15d36000 	C:\Program Files\Android\Android Studio\jre\jre\bin\zip.dll
0x00007ffd21620000 - 0x00007ffd22b39000 	C:\Windows\system32\SHELL32.dll
0x00007ffd20f40000 - 0x00007ffd21151000 	C:\Windows\SYSTEM32\combase.dll
0x00007ffd213d0000 - 0x00007ffd21424000 	C:\Windows\system32\SHLWAPI.dll
0x00007ffd1e6e0000 - 0x00007ffd1e792000 	C:\Windows\SYSTEM32\SHCORE.dll
0x00007ffd20170000 - 0x00007ffd20185000 	C:\Windows\SYSTEM32\profapi.dll

VM Arguments:
jvm_args: -Djava.awt.headless=true -Xmx1024M -Dfile.encoding=windows-1252 -Duser.country=ES -Duser.language=es -Duser.variant 
java_command: com.android.dx.command.Main --dex --force-jumbo --num-threads=4 --multi-dex --output D:\IngeSof2_project\MyFirstApp\app\build\intermediates\transforms\dex\debug\folders\1000\5\slice_3 D:\IngeSof2_project\MyFirstApp\app\build\intermediates\transforms\instantRunSlicer\debug\folders\1\5\slice_3
java_class_path (initial): C:\Users\Hiroshi\AppData\Local\Android\sdk\build-tools\25.0.2\lib\dx.jar
Launcher Type: SUN_STANDARD

Environment Variables:
JAVA_HOME=C:\Program Files\Java\jdk1.8.0_121
PATH=C:\oraclexe\app\oracle\product\11.2.0\server\bin;C:\ProgramData\Oracle\Java\javapath;C:\Windows\system32;C:\Windows;C:\Windows\System32\Wbem;C:\Windows\System32\WindowsPowerShell\v1.0\;C:\Program Files\Microsoft SQL Server\Client SDK\ODBC\110\Tools\Binn\;C:\Program Files (x86)\Microsoft SQL Server\120\Tools\Binn\;C:\Program Files\Microsoft SQL Server\120\Tools\Binn\;C:\Program Files\Microsoft SQL Server\120\DTS\Binn\;C:\Program Files (x86)\Microsoft SQL Server\120\Tools\Binn\ManagementStudio\;C:\Program Files (x86)\Microsoft SQL Server\120\DTS\Binn\;C:\Program Files\Git\cmd;C:\Program Files (x86)\pgmodeler;C:\Users\Hiroshi\AppData\Local\Programs\Python\Python35;C:\Users\Hiroshi\AppData\Roaming\Dashlane\4.5.0.13208\bin\Firefox_Extension\{442718d9-475e-452a-b3e1-fb1ee16b8e9f}\components
USERNAME=Hiroshi
OS=Windows_NT
PROCESSOR_IDENTIFIER=Intel64 Family 6 Model 60 Stepping 3, GenuineIntel



---------------  S Y S T E M  ---------------

OS: Windows 8.1 , 64 bit Build 9600 (6.3.9600.17415)

CPU:total 8 (4 cores per cpu, 2 threads per core) family 6 model 60 stepping 3, cmov, cx8, fxsr, mmx, sse, sse2, sse3, ssse3, sse4.1, sse4.2, popcnt, avx, avx2, aes, clmul, erms, lzcnt, ht, tsc, tscinvbit, bmi1, bmi2

Memory: 4k page, physical 8319000k(1602944k free), swap 8319000k(4564k free)

vm_info: OpenJDK 64-Bit Server VM (25.112-b06) for windows-amd64 JRE (1.8.0_112-release-b06), built on Dec  8 2016 00:54:26 by "builder" with MS VC++ 10.0 (VS2010)

time: Sun Mar 19 16:12:43 2017
elapsed time: 2 seconds (0d 0h 0m 2s)

