#
# There is insufficient memory for the Java Runtime Environment to continue.
# Native memory allocation (malloc) failed to allocate 356064 bytes for Chunk::new
# Possible reasons:
#   The system is out of physical RAM or swap space
#   In 32 bit mode, the process size limit was hit
# Possible solutions:
#   Reduce memory load on the system
#   Increase physical memory or swap space
#   Check if swap backing store is full
#   Use 64 bit Java on a 64 bit OS
#   Decrease Java heap size (-Xmx/-Xms)
#   Decrease number of Java threads
#   Decrease Java thread stack sizes (-Xss)
#   Set larger code cache with -XX:ReservedCodeCacheSize=
# This output file may be truncated or incomplete.
#
#  Out of Memory Error (allocation.cpp:390), pid=10260, tid=0x0000000000001c54
#
# JRE version: OpenJDK Runtime Environment (8.0_112-b06) (build 1.8.0_112-release-b06)
# Java VM: OpenJDK 64-Bit Server VM (25.112-b06 mixed mode windows-amd64 compressed oops)
# Failed to write core dump. Minidumps are not enabled by default on client versions of Windows
#

---------------  T H R E A D  ---------------

Current thread (0x00000000168e9800):  JavaThread "C2 CompilerThread2" daemon [_thread_in_native, id=7252, stack(0x00000000174f0000,0x00000000175f0000)]

Stack: [0x00000000174f0000,0x00000000175f0000]
[error occurred during error reporting (printing stack bounds), id 0xc0000005]

Native frames: (J=compiled Java code, j=interpreted, Vv=VM code, C=native code)


Current CompileTask:
C2:   2973  925       4       com.android.dx.rop.code.Rops::ropFor (771 bytes)


---------------  P R O C E S S  ---------------

Java Threads: ( => current thread )
  0x0000000016bcb800 JavaThread "pool-2-thread-4" [_thread_in_vm, id=4904, stack(0x0000000017cf0000,0x0000000017df0000)]
  0x0000000016bc1800 JavaThread "pool-2-thread-3" [_thread_in_Java, id=7432, stack(0x0000000017bf0000,0x0000000017cf0000)]
  0x0000000016bbe000 JavaThread "pool-2-thread-2" [_thread_in_Java, id=9052, stack(0x0000000017af0000,0x0000000017bf0000)]
  0x0000000016a96800 JavaThread "pool-3-thread-1" [_thread_blocked, id=10972, stack(0x00000000179f0000,0x0000000017af0000)]
  0x0000000016a95800 JavaThread "pool-2-thread-1" [_thread_blocked, id=9856, stack(0x00000000178f0000,0x00000000179f0000)]
  0x0000000016981800 JavaThread "Service Thread" daemon [_thread_blocked, id=9256, stack(0x00000000176f0000,0x00000000177f0000)]
  0x000000001690d800 JavaThread "C1 CompilerThread3" daemon [_thread_blocked, id=8292, stack(0x00000000175f0000,0x00000000176f0000)]
=>0x00000000168e9800 JavaThread "C2 CompilerThread2" daemon [_thread_in_native, id=7252, stack(0x00000000174f0000,0x00000000175f0000)]
  0x00000000168db000 JavaThread "C2 CompilerThread1" daemon [_thread_blocked, id=8328, stack(0x00000000173f0000,0x00000000174f0000)]
  0x00000000168e3000 JavaThread "C2 CompilerThread0" daemon [_thread_blocked, id=11056, stack(0x00000000172f0000,0x00000000173f0000)]
  0x00000000168e1800 JavaThread "Attach Listener" daemon [_thread_blocked, id=9356, stack(0x00000000171f0000,0x00000000172f0000)]
  0x00000000168de800 JavaThread "Signal Dispatcher" daemon [_thread_blocked, id=10384, stack(0x00000000170f0000,0x00000000171f0000)]
  0x00000000168d0800 JavaThread "Finalizer" daemon [_thread_blocked, id=7288, stack(0x0000000016cb0000,0x0000000016db0000)]
  0x0000000001ea4000 JavaThread "Reference Handler" daemon [_thread_blocked, id=9828, stack(0x00000000167b0000,0x00000000168b0000)]
  0x0000000001cad800 JavaThread "main" [_thread_blocked, id=980, stack(0x0000000001cb0000,0x0000000001db0000)]

Other Threads:
  0x00000000149c5800 VMThread [stack: 0x00000000166b0000,0x00000000167b0000] [id=10828]
  0x0000000016982800 WatcherThread [stack: 0x00000000177f0000,0x00000000178f0000] [id=11204]

VM state:synchronizing (normal execution)

VM Mutex/Monitor currently owned by a thread:  ([mutex/lock_event])
[0x0000000001cac960] Safepoint_lock - owner thread: 0x00000000149c5800
[0x0000000001cac4e0] Threads_lock - owner thread: 0x00000000149c5800
[0x0000000001db15d0] Compile_lock - owner thread: 0x0000000016bcb800

Heap:
 PSYoungGen      total 38400K, used 19914K [0x00000000eab00000, 0x00000000ef600000, 0x0000000100000000)
  eden space 33280K, 44% used [0x00000000eab00000,0x00000000eb975f98,0x00000000ecb80000)
  from space 5120K, 99% used [0x00000000ecb80000,0x00000000ed07c9f8,0x00000000ed080000)
  to   space 5120K, 0% used [0x00000000ef100000,0x00000000ef100000,0x00000000ef600000)
 ParOldGen       total 87552K, used 6175K [0x00000000c0000000, 0x00000000c5580000, 0x00000000eab00000)
  object space 87552K, 7% used [0x00000000c0000000,0x00000000c0607df0,0x00000000c5580000)
 Metaspace       used 5660K, capacity 6832K, committed 7040K, reserved 1056768K
  class space    used 561K, capacity 616K, committed 640K, reserved 1048576K

Card table byte_map: [0x0000000011270000,0x0000000011480000] byte_map_base: 0x0000000010c70000

Marking Bits: (ParMarkBitMap*) 0x000000006d0f18f0
 Begin Bits: [0x0000000011de0000, 0x0000000012de0000)
 End Bits:   [0x0000000012de0000, 0x0000000013de0000)

Polling page: 0x0000000001be0000

CodeCache: size=245760Kb used=4347Kb max_used=4347Kb free=241412Kb
 bounds [0x0000000001eb0000, 0x0000000002300000, 0x0000000010eb0000]
 total_blobs=1316 nmethods=1055 adapters=175
 compilation: enabled

Compilation events (10 events):
Event: 2.896 Thread 0x000000001690d800 1011       3       com.android.dx.rop.cst.CstNat::getFieldType (11 bytes)
Event: 2.896 Thread 0x000000001690d800 nmethod 1011 0x00000000022efdd0 code [0x00000000022eff40, 0x00000000022f0168]
Event: 2.896 Thread 0x000000001690d800 1108       1       com.android.dx.dex.code.RopTranslator::access$200 (5 bytes)
Event: 2.897 Thread 0x000000001690d800 nmethod 1108 0x00000000022f0210 code [0x00000000022f0360, 0x00000000022f0450]
Event: 2.897 Thread 0x000000001690d800 1104       1       java.io.File::getPath (5 bytes)
Event: 2.897 Thread 0x000000001690d800 nmethod 1104 0x00000000022f04d0 code [0x00000000022f0620, 0x00000000022f0730]
Event: 2.923 Thread 0x000000001690d800 1110       3       java.util.HashMap::resize (359 bytes)
Event: 2.925 Thread 0x000000001690d800 nmethod 1110 0x00000000022f0790 code [0x00000000022f09e0, 0x00000000022f1c08]
Event: 2.925 Thread 0x000000001690d800 1111       1       java.util.HashMap::afterNodeAccess (1 bytes)
Event: 2.926 Thread 0x000000001690d800 nmethod 1111 0x00000000022f2350 code [0x00000000022f24a0, 0x00000000022f25b0]

GC Heap History (2 events):
Event: 2.531 GC heap before
{Heap before GC invocations=1 (full 0):
 PSYoungGen      total 38400K, used 33280K [0x00000000eab00000, 0x00000000ed580000, 0x0000000100000000)
  eden space 33280K, 100% used [0x00000000eab00000,0x00000000ecb80000,0x00000000ecb80000)
  from space 5120K, 0% used [0x00000000ed080000,0x00000000ed080000,0x00000000ed580000)
  to   space 5120K, 0% used [0x00000000ecb80000,0x00000000ecb80000,0x00000000ed080000)
 ParOldGen       total 87552K, used 0K [0x00000000c0000000, 0x00000000c5580000, 0x00000000eab00000)
  object space 87552K, 0% used [0x00000000c0000000,0x00000000c0000000,0x00000000c5580000)
 Metaspace       used 5624K, capacity 6832K, committed 7040K, reserved 1056768K
  class space    used 558K, capacity 616K, committed 640K, reserved 1048576K
Event: 2.821 GC heap after
Heap after GC invocations=1 (full 0):
 PSYoungGen      total 38400K, used 5106K [0x00000000eab00000, 0x00000000ef600000, 0x0000000100000000)
  eden space 33280K, 0% used [0x00000000eab00000,0x00000000eab00000,0x00000000ecb80000)
  from space 5120K, 99% used [0x00000000ecb80000,0x00000000ed07c9f8,0x00000000ed080000)
  to   space 5120K, 0% used [0x00000000ef100000,0x00000000ef100000,0x00000000ef600000)
 ParOldGen       total 87552K, used 6175K [0x00000000c0000000, 0x00000000c5580000, 0x00000000eab00000)
  object space 87552K, 7% used [0x00000000c0000000,0x00000000c0607df0,0x00000000c5580000)
 Metaspace       used 5624K, capacity 6832K, committed 7040K, reserved 1056768K
  class space    used 558K, capacity 616K, committed 640K, reserved 1048576K
}

Deoptimization events (10 events):
Event: 1.669 Thread 0x0000000016bcb800 Uncommon trap: reason=unstable_if action=reinterpret pc=0x00000000020933a8 method=java.util.HashMap.getNode(ILjava/lang/Object;)Ljava/util/HashMap$Node; @ 62
Event: 1.820 Thread 0x0000000001cad800 Uncommon trap: reason=speculate_class_check action=maybe_recompile pc=0x0000000002191df0 method=com.android.dx.rop.cst.Constant.compareTo(Lcom/android/dx/rop/cst/Constant;)I @ 29
Event: 1.820 Thread 0x0000000001cad800 Uncommon trap: reason=speculate_class_check action=maybe_recompile pc=0x0000000002191df0 method=com.android.dx.rop.cst.Constant.compareTo(Lcom/android/dx/rop/cst/Constant;)I @ 29
Event: 1.820 Thread 0x0000000001cad800 Uncommon trap: reason=speculate_class_check action=maybe_recompile pc=0x0000000002191df0 method=com.android.dx.rop.cst.Constant.compareTo(Lcom/android/dx/rop/cst/Constant;)I @ 29
Event: 1.820 Thread 0x0000000001cad800 Uncommon trap: reason=speculate_class_check action=maybe_recompile pc=0x0000000002191df0 method=com.android.dx.rop.cst.Constant.compareTo(Lcom/android/dx/rop/cst/Constant;)I @ 29
Event: 2.277 Thread 0x0000000016bbe000 Uncommon trap: reason=class_check action=maybe_recompile pc=0x00000000021a8e18 method=com.android.dx.ssa.NormalSsaInsn.accept(Lcom/android/dx/ssa/SsaInsn$Visitor;)V @ 9
Event: 2.510 Thread 0x0000000001cad800 Uncommon trap: reason=bimorphic action=maybe_recompile pc=0x000000000225dff8 method=com.android.dx.cf.code.BytecodeArray.parseInstruction(ILcom/android/dx/cf/code/BytecodeArray$Visitor;)I @ 907
Event: 2.510 Thread 0x0000000001cad800 Uncommon trap: reason=bimorphic action=maybe_recompile pc=0x000000000225f894 method=com.android.dx.cf.code.BytecodeArray.parseInstruction(ILcom/android/dx/cf/code/BytecodeArray$Visitor;)I @ 1224
Event: 2.510 Thread 0x0000000001cad800 Uncommon trap: reason=bimorphic action=maybe_recompile pc=0x000000000225e078 method=com.android.dx.cf.code.BytecodeArray.parseInstruction(ILcom/android/dx/cf/code/BytecodeArray$Visitor;)I @ 923
Event: 2.510 Thread 0x0000000001cad800 Uncommon trap: reason=bimorphic action=maybe_recompile pc=0x000000000225f894 method=com.android.dx.cf.code.BytecodeArray.parseInstruction(ILcom/android/dx/cf/code/BytecodeArray$Visitor;)I @ 1224

Internal exceptions (2 events):
Event: 0.111 Thread 0x0000000001cad800 Exception <a 'java/lang/NoSuchMethodError': Method sun.misc.Unsafe.defineClass(Ljava/lang/String;[BII)Ljava/lang/Class; name or signature does not match> (0x00000000eab07c78) thrown at [C:\src\android\AOSP-openjdk\external\jetbrains\jdk\hotspot\src\share\vÀ™çnb¼?
Event: 0.111 Thread 0x0000000001cad800 Exception <a 'java/lang/NoSuchMethodError': Method sun.misc.Unsafe.prefetchRead(Ljava/lang/Object;J)V name or signature does not match> (0x00000000eab07f60) thrown at [C:\src\android\AOSP-openjdk\external\jetbrains\jdk\hotspot\src\share\vm\prims\jni.cpp, l

Events (10 events):
Event: 2.821 Executing VM operation: ParallelGCFailedAllocation done
Event: 2.875 loading class com/android/dx/dex/file/MethodAnnotationStruct
Event: 2.875 loading class com/android/dx/dex/file/MethodAnnotationStruct done
Event: 2.886 loading class java/util/HashMap$KeySet
Event: 2.887 loading class java/util/HashMap$KeySet done
Event: 2.887 loading class java/util/HashMap$KeyIterator
Event: 2.887 loading class java/util/HashMap$KeyIterator done
Event: 2.930 loading class com/android/dx/util/ListIntSet
Event: 2.931 loading class com/android/dx/util/ListIntSet done
Event: 2.931 Executing VM operation: Deoptimize


Dynamic libraries:
0x00007ff637410000 - 0x00007ff637441000 	C:\Program Files\Android\Android Studio\jre\bin\java.exe
0x00007ffd23020000 - 0x00007ffd231cc000 	C:\Windows\SYSTEM32\ntdll.dll
0x00007ffd209f0000 - 0x00007ffd20b2e000 	C:\Windows\system32\KERNEL32.DLL
0x00007ffd20580000 - 0x00007ffd20695000 	C:\Windows\system32\KERNELBASE.dll
0x00007ffd1ed10000 - 0x00007ffd1ed9e000 	C:\Windows\system32\apphelp.dll
0x00007ffd22e10000 - 0x00007ffd22eba000 	C:\Windows\system32\ADVAPI32.dll
0x00007ffd21430000 - 0x00007ffd215a7000 	C:\Windows\system32\USER32.dll
0x00007ffd1de50000 - 0x00007ffd1e0cb000 	C:\Windows\WinSxS\amd64_microsoft.windows.common-controls_6595b64144ccf1df_6.0.9600.17415_none_6240486fecbd8abb\COMCTL32.dll
0x00007ffd20b30000 - 0x00007ffd20bda000 	C:\Windows\system32\msvcrt.dll
0x00007ffd22c90000 - 0x00007ffd22ce9000 	C:\Windows\SYSTEM32\sechost.dll
0x00007ffd22b40000 - 0x00007ffd22c81000 	C:\Windows\system32\RPCRT4.dll
0x00007ffd20c50000 - 0x00007ffd20da1000 	C:\Windows\system32\GDI32.dll
0x00007ffd22cf0000 - 0x00007ffd22d26000 	C:\Windows\system32\IMM32.DLL
0x00007ffd22ec0000 - 0x00007ffd23013000 	C:\Windows\system32\MSCTF.dll
0x000000006c7a0000 - 0x000000006c872000 	C:\Program Files\Android\Android Studio\jre\jre\bin\msvcr100.dll
0x000000006c930000 - 0x000000006d16c000 	C:\Program Files\Android\Android Studio\jre\jre\bin\server\jvm.dll
0x00007ffd1b330000 - 0x00007ffd1b339000 	C:\Windows\SYSTEM32\WSOCK32.dll
0x00007ffd1ae90000 - 0x00007ffd1aeb2000 	C:\Windows\SYSTEM32\WINMM.dll
0x00007ffd15a30000 - 0x00007ffd15a3a000 	C:\Windows\SYSTEM32\VERSION.dll
0x00007ffd213a0000 - 0x00007ffd213a7000 	C:\Windows\system32\PSAPI.DLL
0x00007ffd21340000 - 0x00007ffd2139a000 	C:\Windows\system32\WS2_32.dll
0x00007ffd1add0000 - 0x00007ffd1adfa000 	C:\Windows\SYSTEM32\WINMMBASE.dll
0x00007ffd20f30000 - 0x00007ffd20f39000 	C:\Windows\system32\NSI.dll
0x00007ffd20420000 - 0x00007ffd2046f000 	C:\Windows\SYSTEM32\cfgmgr32.dll
0x00007ffd1ef90000 - 0x00007ffd1efb8000 	C:\Windows\SYSTEM32\DEVOBJ.dll
0x00007ffd173e0000 - 0x00007ffd173ef000 	C:\Program Files\Android\Android Studio\jre\jre\bin\verify.dll
0x00007ffd15d40000 - 0x00007ffd15d69000 	C:\Program Files\Android\Android Studio\jre\jre\bin\java.dll
0x00007ffd15d20000 - 0x00007ffd15d36000 	C:\Program Files\Android\Android Studio\jre\jre\bin\zip.dll
0x00007ffd21620000 - 0x00007ffd22b39000 	C:\Windows\system32\SHELL32.dll
0x00007ffd20f40000 - 0x00007ffd21151000 	C:\Windows\SYSTEM32\combase.dll
0x00007ffd213d0000 - 0x00007ffd21424000 	C:\Windows\system32\SHLWAPI.dll
0x00007ffd1e6e0000 - 0x00007ffd1e792000 	C:\Windows\SYSTEM32\SHCORE.dll
0x00007ffd20170000 - 0x00007ffd20185000 	C:\Windows\SYSTEM32\profapi.dll

VM Arguments:
jvm_args: -Djava.awt.headless=true -Xmx1024M -Dfile.encoding=windows-1252 -Duser.country=ES -Duser.language=es -Duser.variant 
java_command: com.android.dx.command.Main --dex --force-jumbo --num-threads=4 --multi-dex --output D:\IngeSof2_project\MyFirstApp\app\build\intermediates\transforms\dex\debug\folders\1000\5\slice_0 D:\IngeSof2_project\MyFirstApp\app\build\intermediates\transforms\instantRunSlicer\debug\folders\1\5\slice_0
java_class_path (initial): C:\Users\Hiroshi\AppData\Local\Android\sdk\build-tools\25.0.2\lib\dx.jar
Launcher Type: SUN_STANDARD

Environment Variables:
JAVA_HOME=C:\Program Files\Java\jdk1.8.0_121
PATH=C:\oraclexe\app\oracle\product\11.2.0\server\bin;C:\ProgramData\Oracle\Java\javapath;C:\Windows\system32;C:\Windows;C:\Windows\System32\Wbem;C:\Windows\System32\WindowsPowerShell\v1.0\;C:\Program Files\Microsoft SQL Server\Client SDK\ODBC\110\Tools\Binn\;C:\Program Files (x86)\Microsoft SQL Server\120\Tools\Binn\;C:\Program Files\Microsoft SQL Server\120\Tools\Binn\;C:\Program Files\Microsoft SQL Server\120\DTS\Binn\;C:\Program Files (x86)\Microsoft SQL Server\120\Tools\Binn\ManagementStudio\;C:\Program Files (x86)\Microsoft SQL Server\120\DTS\Binn\;C:\Program Files\Git\cmd;C:\Program Files (x86)\pgmodeler;C:\Users\Hiroshi\AppData\Local\Programs\Python\Python35;C:\Users\Hiroshi\AppData\Roaming\Dashlane\4.5.0.13208\bin\Firefox_Extension\{442718d9-475e-452a-b3e1-fb1ee16b8e9f}\components
USERNAME=Hiroshi
OS=Windows_NT
PROCESSOR_IDENTIFIER=Intel64 Family 6 Model 60 Stepping 3, GenuineIntel



---------------  S Y S T E M  ---------------

OS: Windows 8.1 , 64 bit Build 9600 (6.3.9600.17415)

CPU:total 8 (4 cores per cpu, 2 threads per core) family 6 model 60 stepping 3, cmov, cx8, fxsr, mmx, sse, sse2, sse3, ssse3, sse4.1, sse4.2, popcnt, avx, avx2, aes, clmul, erms, lzcnt, ht, tsc, tscinvbit, bmi1, bmi2

Memory: 4k page, physical 8319000k(1662520k free), swap 8319000k(4060k free)

vm_info: OpenJDK 64-Bit Server VM (25.112-b06) for windows-amd64 JRE (1.8.0_112-release-b06), built on Dec  8 2016 00:54:26 by "builder" with MS VC++ 10.0 (VS2010)

time: Sun Mar 19 18:17:04 2017
elapsed time: 2 seconds (0d 0h 0m 2s)

